<?xml version="1.0" encoding="UTF-8"?>
<!-- Generated by org.testng.reporters.JUnitXMLReporter -->
<testsuite ignored="0" hostname="Sukesh" failures="1" tests="1" name="Command line test" time="3.619" errors="0" timestamp="2024-10-08T11:54:53 IST">
  <testcase classname="com.testscript.Test" name="log" time="3.575">
    <failure type="org.openqa.selenium.SessionNotCreatedException" message="session not created: This version of ChromeDriver only supports Chrome version 124
Current browser version is 129.0.6668.90 with binary path C:\Program Files\Google\Chrome\Application\chrome.exe
Build info: version: &amp;apos;3.141.59&amp;apos;, revision: &amp;apos;e82be7d358&amp;apos;, time: &amp;apos;2018-11-14T08:17:03&amp;apos;
System info: host: &amp;apos;SUKESH&amp;apos;, ip: &amp;apos;192.168.31.252&amp;apos;, os.name: &amp;apos;Windows 11&amp;apos;, os.arch: &amp;apos;amd64&amp;apos;, os.version: &amp;apos;10.0&amp;apos;, java.version: &amp;apos;18.0.2&amp;apos;
Driver info: driver.version: ChromeDriver
remote stacktrace: 	GetHandleVerifier [0x00007FF722D01502+60802]
	(No symbol) [0x00007FF722C7AC02]
	(No symbol) [0x00007FF722B37CE4]
	(No symbol) [0x00007FF722B75942]
	(No symbol) [0x00007FF722B74B42]
	(No symbol) [0x00007FF722B6F8D3]
	(No symbol) [0x00007FF722B6AA64]
	(No symbol) [0x00007FF722BB6037]
	(No symbol) [0x00007FF722BB56B0]
	(No symbol) [0x00007FF722BAA923]
	(No symbol) [0x00007FF722B78FEC]
	(No symbol) [0x00007FF722B79C21]
	GetHandleVerifier [0x00007FF72300411D+3217821]
	GetHandleVerifier [0x00007FF7230460B7+3488055]
	GetHandleVerifier [0x00007FF72303F03F+3459263]
	GetHandleVerifier [0x00007FF722DBB846+823494]
	(No symbol) [0x00007FF722C85F9F]
	(No symbol) [0x00007FF722C80EC4]
	(No symbol) [0x00007FF722C81052]
	(No symbol) [0x00007FF722C718A4]
	BaseThreadInitThunk [0x00007FFB9537257D+29]
	RtlUserThreadStart [0x00007FFB9698AF28+40]
">
      <![CDATA[org.openqa.selenium.SessionNotCreatedException: session not created: This version of ChromeDriver only supports Chrome version 124
Current browser version is 129.0.6668.90 with binary path C:\Program Files\Google\Chrome\Application\chrome.exe
Build info: version: '3.141.59', revision: 'e82be7d358', time: '2018-11-14T08:17:03'
System info: host: 'SUKESH', ip: '192.168.31.252', os.name: 'Windows 11', os.arch: 'amd64', os.version: '10.0', java.version: '18.0.2'
Driver info: driver.version: ChromeDriver
remote stacktrace: GetHandleVerifier [0x00007FF722D01502+60802]
(No symbol) [0x00007FF722C7AC02]
(No symbol) [0x00007FF722B37CE4]
(No symbol) [0x00007FF722B75942]
(No symbol) [0x00007FF722B74B42]
(No symbol) [0x00007FF722B6F8D3]
(No symbol) [0x00007FF722B6AA64]
(No symbol) [0x00007FF722BB6037]
(No symbol) [0x00007FF722BB56B0]
(No symbol) [0x00007FF722BAA923]
(No symbol) [0x00007FF722B78FEC]
(No symbol) [0x00007FF722B79C21]
GetHandleVerifier [0x00007FF72300411D+3217821]
GetHandleVerifier [0x00007FF7230460B7+3488055]
GetHandleVerifier [0x00007FF72303F03F+3459263]
GetHandleVerifier [0x00007FF722DBB846+823494]
(No symbol) [0x00007FF722C85F9F]
(No symbol) [0x00007FF722C80EC4]
(No symbol) [0x00007FF722C81052]
(No symbol) [0x00007FF722C718A4]
BaseThreadInitThunk [0x00007FFB9537257D+29]
RtlUserThreadStart [0x00007FFB9698AF28+40]

at org.openqa.selenium.remote.W3CHandshakeResponse.lambda$errorHandler$0(W3CHandshakeResponse.java:62)
at org.openqa.selenium.remote.HandshakeResponse.lambda$getResponseFunction$0(HandshakeResponse.java:30)
at org.openqa.selenium.remote.ProtocolHandshake.lambda$createSession$0(ProtocolHandshake.java:126)
at java.base/java.util.stream.ReferencePipeline$3$1.accept(ReferencePipeline.java:197)
at java.base/java.util.Spliterators$ArraySpliterator.tryAdvance(Spliterators.java:1002)
at java.base/java.util.stream.ReferencePipeline.forEachWithCancel(ReferencePipeline.java:129)
at java.base/java.util.stream.AbstractPipeline.copyIntoWithCancel(AbstractPipeline.java:527)
at java.base/java.util.stream.AbstractPipeline.copyInto(AbstractPipeline.java:513)
at java.base/java.util.stream.AbstractPipeline.wrapAndCopyInto(AbstractPipeline.java:499)
at java.base/java.util.stream.FindOps$FindOp.evaluateSequential(FindOps.java:150)
at java.base/java.util.stream.AbstractPipeline.evaluate(AbstractPipeline.java:234)
at java.base/java.util.stream.ReferencePipeline.findFirst(ReferencePipeline.java:647)
at org.openqa.selenium.remote.ProtocolHandshake.createSession(ProtocolHandshake.java:128)
at org.openqa.selenium.remote.ProtocolHandshake.createSession(ProtocolHandshake.java:74)
at org.openqa.selenium.remote.HttpCommandExecutor.execute(HttpCommandExecutor.java:136)
at org.openqa.selenium.remote.service.DriverCommandExecutor.execute(DriverCommandExecutor.java:83)
at org.openqa.selenium.remote.RemoteWebDriver.execute(RemoteWebDriver.java:552)
at org.openqa.selenium.remote.RemoteWebDriver.startSession(RemoteWebDriver.java:213)
at org.openqa.selenium.remote.RemoteWebDriver.<init>(RemoteWebDriver.java:131)
at org.openqa.selenium.chrome.ChromeDriver.<init>(ChromeDriver.java:181)
at org.openqa.selenium.chrome.ChromeDriver.<init>(ChromeDriver.java:168)
at org.openqa.selenium.chrome.ChromeDriver.<init>(ChromeDriver.java:123)
at com.testscript.Test.log(Test.java:21)
at java.base/java.util.ArrayList.forEach(ArrayList.java:1511)
... Removed 35 stack frames]]>
    </failure>
  </testcase> <!-- log -->
</testsuite> <!-- Command line test -->
